<?xml version="1.0" encoding="UTF-8"?>
<!-- Generated by org.testng.reporters.JUnitReportReporter -->
<testsuite hostname="DESKTOP-N91DUGJ" failures="0" tests="3" name="test.TestClass" time="13.311" errors="0" timestamp="2022-12-04T01:03:17 IST" skipped="0">
  <testcase classname="test.TestClass" name="Test2" time="5.628"/>
  <system-out/>
  <testcase classname="test.TestClass" name="Test3" time="3.205"/>
  <system-out/>
  <testcase classname="test.TestClass" name="Test1" time="4.478"/>
  <system-out/>
</testsuite> <!-- test.TestClass -->
