<?xml version="1.0" encoding="UTF-8"?>
<!-- Generated by org.testng.reporters.JUnitReportReporter -->
<testsuite hostname="DESKTOP-N91DUGJ" failures="0" tests="3" name="test.TestClass" time="12.352" errors="0" timestamp="2022-12-04T01:04:12 IST" skipped="0">
  <testcase classname="test.TestClass" name="Test3" time="4.900"/>
  <system-out/>
  <testcase classname="test.TestClass" name="Test2" time="3.240"/>
  <system-out/>
  <testcase classname="test.TestClass" name="Test1" time="4.212"/>
  <system-out/>
</testsuite> <!-- test.TestClass -->
